2026-03-01 11:43:22,065 INFO === Phase 1: スキャン ===
2026-03-01 11:43:22,080 INFO 対象: 1 ファイル
2026-03-01 11:43:22,080 INFO === Phase 2-4: 取得・変換・挿入 ===
2026-03-01 11:43:26,037 INFO   89.txt: inserted (1 table(s))
2026-03-01 11:43:26,038 INFO 
=== 結果 ===
2026-03-01 11:43:26,038 INFO   inserted: 1
2026-03-01 11:43:39,420 INFO === Phase 1: スキャン ===
2026-03-01 11:43:39,442 INFO 対象: 1 ファイル
2026-03-01 11:43:39,442 INFO === Phase 2-4: 取得・変換・挿入 ===
2026-03-01 11:43:40,024 INFO   89.txt: inserted (1 table(s))
2026-03-01 11:43:40,038 INFO === Phase 6: 整合性確認 ===
2026-03-01 11:44:00,912 INFO 
=== 結果 ===
2026-03-01 11:44:00,912 INFO   inserted: 1
2026-03-01 11:44:30,185 INFO === Phase 1: スキャン ===
2026-03-01 11:44:30,185 INFO === Phase 1: スキャン ===
2026-03-01 11:44:30,466 INFO 対象: 113 ファイル
2026-03-01 11:44:30,466 INFO === Phase 2-4: 取得・変換・挿入 ===
2026-03-01 11:44:30,466 INFO 対象: 113 ファイル
2026-03-01 11:44:30,466 INFO === Phase 2-4: 取得・変換・挿入 ===
2026-03-01 11:44:32,286 INFO   144-3.txt: inserted (2 table(s))
2026-03-01 11:44:32,286 INFO   144-3.txt: inserted (2 table(s))
2026-03-01 11:44:32,300 INFO   146.txt: inserted (1 table(s))
2026-03-01 11:44:32,300 INFO   146.txt: inserted (1 table(s))
2026-03-01 11:44:32,304 INFO   69_2.txt: inserted (2 table(s))
2026-03-01 11:44:32,304 INFO   69_2.txt: inserted (2 table(s))
2026-03-01 11:44:38,116 INFO   2-2.txt: inserted (1 table(s))
2026-03-01 11:44:38,116 INFO   2-2.txt: inserted (1 table(s))
2026-03-01 11:44:38,196 INFO   59.txt: inserted (1 table(s))
2026-03-01 11:44:38,196 INFO   59.txt: inserted (1 table(s))
2026-03-01 11:44:38,265 INFO   60-4.txt: inserted (1 table(s))
2026-03-01 11:44:38,265 INFO   60-4.txt: inserted (1 table(s))
2026-03-01 11:44:38,338 INFO   62.txt: inserted (1 table(s))
2026-03-01 11:44:38,338 INFO   62.txt: inserted (1 table(s))
2026-03-01 11:44:40,288 INFO   122-9.txt: inserted (1 table(s))
2026-03-01 11:44:40,288 INFO   122-9.txt: inserted (1 table(s))
2026-03-01 11:44:40,294 INFO   14-6.txt: inserted (1 table(s))
2026-03-01 11:44:40,294 INFO   14-6.txt: inserted (1 table(s))
2026-03-01 11:44:40,310 INFO   149.txt: inserted (1 table(s))
2026-03-01 11:44:40,310 INFO   149.txt: inserted (1 table(s))
2026-03-01 11:44:40,328 INFO   184.txt: inserted (1 table(s))
2026-03-01 11:44:40,328 INFO   184.txt: inserted (1 table(s))
2026-03-01 11:44:40,348 INFO   overflow: 184.txt (14,866 tok) → splitting
2026-03-01 11:44:40,348 INFO   overflow: 184.txt (14,866 tok) → splitting
2026-03-01 11:44:44,652 INFO   190.txt: inserted (1 table(s))
2026-03-01 11:44:44,652 INFO   190.txt: inserted (1 table(s))
2026-03-01 11:44:44,666 INFO   200.txt: inserted (1 table(s))
2026-03-01 11:44:44,666 INFO   200.txt: inserted (1 table(s))
2026-03-01 11:44:44,679 INFO   201-2.txt: inserted (1 table(s))
2026-03-01 11:44:44,679 INFO   201-2.txt: inserted (1 table(s))
2026-03-01 11:44:44,681 INFO   3.txt: inserted (1 table(s))
2026-03-01 11:44:44,681 INFO   3.txt: inserted (1 table(s))
2026-03-01 11:44:44,687 INFO   61-3.txt: inserted (1 table(s))
2026-03-01 11:44:44,687 INFO   61-3.txt: inserted (1 table(s))
2026-03-01 11:44:44,691 INFO   66-2.txt: inserted (1 table(s))
2026-03-01 11:44:44,691 INFO   66-2.txt: inserted (1 table(s))
2026-03-01 11:44:51,699 INFO   16.txt: inserted (1 table(s))
2026-03-01 11:44:51,699 INFO   16.txt: inserted (1 table(s))
2026-03-01 11:44:52,928 INFO   76.txt: inserted (4 table(s))
2026-03-01 11:44:52,928 INFO   76.txt: inserted (4 table(s))
2026-03-01 11:44:59,987 INFO   63.txt: inserted (1 table(s))
2026-03-01 11:44:59,987 INFO   63.txt: inserted (1 table(s))
2026-03-01 11:45:00,077 INFO   67.txt: inserted (1 table(s))
2026-03-01 11:45:00,077 INFO   67.txt: inserted (1 table(s))
2026-03-01 11:45:01,739 INFO   292.txt: inserted (1 table(s))
2026-03-01 11:45:01,739 INFO   292.txt: inserted (1 table(s))
2026-03-01 11:45:01,749 INFO   322.txt: inserted (1 table(s))
2026-03-01 11:45:01,749 INFO   322.txt: inserted (1 table(s))
2026-03-01 11:45:06,026 INFO   11-2.txt: inserted (1 table(s))
2026-03-01 11:45:06,026 INFO   11-2.txt: inserted (1 table(s))
2026-03-01 11:45:06,030 INFO   12.txt: inserted (2 table(s))
2026-03-01 11:45:06,030 INFO   12.txt: inserted (2 table(s))
2026-03-01 11:45:06,035 INFO   26.txt: inserted (1 table(s))
2026-03-01 11:45:06,035 INFO   26.txt: inserted (1 table(s))
2026-03-01 11:45:03,553 INFO   37-5.txt: inserted (2 table(s))
2026-03-01 11:45:03,553 INFO   37-5.txt: inserted (2 table(s))
2026-03-01 11:45:03,561 INFO   37-8.txt: inserted (1 table(s))
2026-03-01 11:45:03,561 INFO   37-8.txt: inserted (1 table(s))
2026-03-01 11:45:03,565 INFO   37.txt: inserted (1 table(s))
2026-03-01 11:45:03,565 INFO   37.txt: inserted (1 table(s))
2026-03-01 11:45:03,574 INFO   41-13-3.txt: inserted (1 table(s))
2026-03-01 11:45:03,574 INFO   41-13-3.txt: inserted (1 table(s))
2026-03-01 11:45:03,582 INFO   41-15-5.txt: inserted (1 table(s))
2026-03-01 11:45:03,582 INFO   41-15-5.txt: inserted (1 table(s))
2026-03-01 11:45:03,587 INFO   41-16.txt: inserted (1 table(s))
2026-03-01 11:45:03,587 INFO   41-16.txt: inserted (1 table(s))
2026-03-01 11:45:03,593 INFO   41-19-5.txt: inserted (1 table(s))
2026-03-01 11:45:03,593 INFO   41-19-5.txt: inserted (1 table(s))
2026-03-01 11:45:03,601 INFO   42-14.txt: inserted (1 table(s))
2026-03-01 11:45:03,601 INFO   42-14.txt: inserted (1 table(s))
2026-03-01 11:45:03,608 INFO   42-3-2.txt: inserted (1 table(s))
2026-03-01 11:45:03,608 INFO   42-3-2.txt: inserted (1 table(s))
2026-03-01 11:45:03,616 INFO   42-4_3.txt: inserted (1 table(s))
2026-03-01 11:45:03,616 INFO   42-4_3.txt: inserted (1 table(s))
2026-03-01 11:45:03,621 INFO   overflow: 42-4_3.txt (10,816 tok) → splitting
2026-03-01 11:45:03,621 INFO   overflow: 42-4_3.txt (10,816 tok) → splitting
2026-03-01 11:45:08,924 INFO   42-9.txt: inserted (1 table(s))
2026-03-01 11:45:08,924 INFO   42-9.txt: inserted (1 table(s))
2026-03-01 11:45:08,936 INFO   43-2.txt: inserted (1 table(s))
2026-03-01 11:45:08,936 INFO   43-2.txt: inserted (1 table(s))
2026-03-01 11:45:08,945 INFO   45.txt: inserted (2 table(s))
2026-03-01 11:45:08,945 INFO   45.txt: inserted (2 table(s))
2026-03-01 11:45:08,950 INFO   5-2_2.txt: inserted (1 table(s))
2026-03-01 11:45:08,950 INFO   5-2_2.txt: inserted (1 table(s))
2026-03-01 11:45:08,954 INFO   5-3.txt: inserted (1 table(s))
2026-03-01 11:45:08,954 INFO   5-3.txt: inserted (1 table(s))
2026-03-01 11:45:08,965 INFO   56.txt: inserted (1 table(s))
2026-03-01 11:45:08,965 INFO   56.txt: inserted (1 table(s))
2026-03-01 11:45:08,979 INFO   59-3.txt: inserted (1 table(s))
2026-03-01 11:45:08,979 INFO   59-3.txt: inserted (1 table(s))
2026-03-01 11:45:08,985 INFO   overflow: 59-3.txt (10,670 tok) → splitting
2026-03-01 11:45:08,985 INFO   overflow: 59-3.txt (10,670 tok) → splitting
2026-03-01 11:45:13,497 INFO   60.txt: inserted (1 table(s))
2026-03-01 11:45:13,497 INFO   60.txt: inserted (1 table(s))
2026-03-01 11:45:13,509 INFO   65-7.txt: inserted (1 table(s))
2026-03-01 11:45:13,509 INFO   65-7.txt: inserted (1 table(s))
2026-03-01 11:45:13,527 INFO   66-4-3.txt: inserted (1 table(s))
2026-03-01 11:45:13,527 INFO   66-4-3.txt: inserted (1 table(s))
2026-03-01 11:45:13,543 INFO   66-8.txt: inserted (1 table(s))
2026-03-01 11:45:13,543 INFO   66-8.txt: inserted (1 table(s))
2026-03-01 11:45:13,560 INFO   66-9-4.txt: inserted (2 table(s))
2026-03-01 11:45:13,560 INFO   66-9-4.txt: inserted (2 table(s))
2026-03-01 11:45:13,575 INFO   67-14.txt: inserted (1 table(s))
2026-03-01 11:45:13,575 INFO   67-14.txt: inserted (1 table(s))
2026-03-01 11:45:13,589 INFO   67-15.txt: inserted (1 table(s))
2026-03-01 11:45:13,589 INFO   67-15.txt: inserted (1 table(s))
2026-03-01 11:45:13,607 INFO   67-18.txt: inserted (1 table(s))
2026-03-01 11:45:13,607 INFO   67-18.txt: inserted (1 table(s))
2026-03-01 11:45:13,623 INFO   67.txt: inserted (1 table(s))
2026-03-01 11:45:13,623 INFO   67.txt: inserted (1 table(s))
2026-03-01 11:45:13,635 INFO   68-3-2.txt: inserted (1 table(s))
2026-03-01 11:45:13,635 INFO   68-3-2.txt: inserted (1 table(s))
2026-03-01 11:45:13,647 INFO   68-3-3.txt: inserted (1 table(s))
2026-03-01 11:45:13,647 INFO   68-3-3.txt: inserted (1 table(s))
2026-03-01 11:45:13,661 INFO   70-2-5.txt: inserted (1 table(s))
2026-03-01 11:45:13,661 INFO   70-2-5.txt: inserted (1 table(s))
2026-03-01 11:45:13,675 INFO   70-6-10_2.txt: inserted (1 table(s))
2026-03-01 11:45:13,675 INFO   70-6-10_2.txt: inserted (1 table(s))
2026-03-01 11:45:13,701 INFO   70-6-6_2.txt: inserted (1 table(s))
2026-03-01 11:45:13,701 INFO   70-6-6_2.txt: inserted (1 table(s))
2026-03-01 11:45:13,717 INFO   70-6-8_2.txt: inserted (1 table(s))
2026-03-01 11:45:13,717 INFO   70-6-8_2.txt: inserted (1 table(s))
2026-03-01 11:45:13,723 INFO   overflow: 70-6-8_2.txt (10,144 tok) → splitting
2026-03-01 11:45:13,723 INFO   overflow: 70-6-8_2.txt (10,144 tok) → splitting
2026-03-01 11:45:17,889 INFO   70-7-2.txt: inserted (3 table(s))
2026-03-01 11:45:17,889 INFO   70-7-2.txt: inserted (3 table(s))
2026-03-01 11:45:17,894 INFO   overflow: 70-7-2.txt (11,423 tok) → splitting
2026-03-01 11:45:17,894 INFO   overflow: 70-7-2.txt (11,423 tok) → splitting
2026-03-01 11:45:22,063 INFO   70-7-2_3.txt: inserted (3 table(s))
2026-03-01 11:45:22,063 INFO   70-7-2_3.txt: inserted (3 table(s))
2026-03-01 11:45:22,085 INFO   70-7-5_2.txt: inserted (1 table(s))
2026-03-01 11:45:22,085 INFO   70-7-5_2.txt: inserted (1 table(s))
2026-03-01 11:45:22,089 INFO   overflow: 70-7-5_2.txt (11,758 tok) → splitting
2026-03-01 11:45:22,089 INFO   overflow: 70-7-5_2.txt (11,758 tok) → splitting
2026-03-01 11:45:26,271 INFO   70-7-6_2.txt: inserted (1 table(s))
2026-03-01 11:45:26,271 INFO   70-7-6_2.txt: inserted (1 table(s))
2026-03-01 11:45:26,276 INFO   overflow: 70-7-6_2.txt (11,387 tok) → splitting
2026-03-01 11:45:26,276 INFO   overflow: 70-7-6_2.txt (11,387 tok) → splitting
2026-03-01 11:45:30,397 INFO   70-7_2.txt: inserted (3 table(s))
2026-03-01 11:45:30,397 INFO   70-7_2.txt: inserted (3 table(s))
2026-03-01 11:45:30,413 INFO   70-7_4.txt: inserted (3 table(s))
2026-03-01 11:45:30,413 INFO   70-7_4.txt: inserted (3 table(s))
2026-03-01 11:45:30,430 INFO   87.txt: inserted (1 table(s))
2026-03-01 11:45:30,430 INFO   87.txt: inserted (1 table(s))
2026-03-01 11:45:30,447 INFO   90-3-4.txt: inserted (1 table(s))
2026-03-01 11:45:30,447 INFO   90-3-4.txt: inserted (1 table(s))
2026-03-01 11:45:30,466 INFO   98.txt: inserted (1 table(s))
2026-03-01 11:45:30,466 INFO   98.txt: inserted (1 table(s))
2026-03-01 11:45:39,145 INFO   11.txt: inserted (1 table(s))
2026-03-01 11:45:39,145 INFO   11.txt: inserted (1 table(s))
2026-03-01 11:45:39,412 INFO   18-15-10.txt: inserted (1 table(s))
2026-03-01 11:45:39,412 INFO   18-15-10.txt: inserted (1 table(s))
2026-03-01 11:45:39,420 INFO   overflow: 18-15-10.txt (13,512 tok) → splitting
2026-03-01 11:45:39,420 INFO   overflow: 18-15-10.txt (13,512 tok) → splitting
2026-03-01 11:45:43,688 INFO   18-19-3.txt: inserted (2 table(s))
2026-03-01 11:45:43,688 INFO   18-19-3.txt: inserted (2 table(s))
2026-03-01 11:45:43,942 INFO   19-7.txt: inserted (1 table(s))
2026-03-01 11:45:43,942 INFO   19-7.txt: inserted (1 table(s))
2026-03-01 11:45:43,950 INFO   overflow: 19-7.txt (12,765 tok) → splitting
2026-03-01 11:45:43,950 INFO   overflow: 19-7.txt (12,765 tok) → splitting
2026-03-01 11:45:48,289 INFO   22-10.txt: inserted (2 table(s))
2026-03-01 11:45:48,289 INFO   22-10.txt: inserted (2 table(s))
2026-03-01 11:45:48,533 INFO   23-8_2.txt: inserted (1 table(s))
2026-03-01 11:45:48,533 INFO   23-8_2.txt: inserted (1 table(s))
2026-03-01 11:45:48,537 INFO   overflow: 23-8_2.txt (10,710 tok) → splitting
2026-03-01 11:45:48,537 INFO   overflow: 23-8_2.txt (10,710 tok) → splitting
2026-03-01 11:45:52,742 INFO   3-12.txt: inserted (1 table(s))
2026-03-01 11:45:52,742 INFO   3-12.txt: inserted (1 table(s))
2026-03-01 11:45:52,923 INFO   3-16-2.txt: inserted (2 table(s))
2026-03-01 11:45:52,923 INFO   3-16-2.txt: inserted (2 table(s))
2026-03-01 11:45:53,130 INFO   3-18_2.txt: inserted (1 table(s))
2026-03-01 11:45:53,130 INFO   3-18_2.txt: inserted (1 table(s))
2026-03-01 11:45:53,134 INFO   overflow: 3-18_2.txt (10,594 tok) → splitting
2026-03-01 11:45:53,134 INFO   overflow: 3-18_2.txt (10,594 tok) → splitting
2026-03-01 11:45:57,412 INFO   3-19.txt: inserted (1 table(s))
2026-03-01 11:45:57,412 INFO   3-19.txt: inserted (1 table(s))
2026-03-01 11:45:57,418 INFO   overflow: 3-19.txt (11,374 tok) → splitting
2026-03-01 11:45:57,418 INFO   overflow: 3-19.txt (11,374 tok) → splitting
2026-03-01 11:46:05,444 INFO   1-2.txt: inserted (1 table(s))
2026-03-01 11:46:05,444 INFO   1-2.txt: inserted (1 table(s))
2026-03-01 11:46:05,450 INFO   19.txt: inserted (2 table(s))
2026-03-01 11:46:05,450 INFO   19.txt: inserted (2 table(s))
2026-03-01 11:46:05,456 INFO   overflow: 19.txt (10,948 tok) → splitting
2026-03-01 11:46:05,456 INFO   overflow: 19.txt (10,948 tok) → splitting
2026-03-01 11:46:07,000 INFO   2-31.txt: inserted (1 table(s))
2026-03-01 11:46:07,000 INFO   2-31.txt: inserted (1 table(s))
2026-03-01 11:46:07,028 INFO   overflow: 2-31.txt (14,098 tok) → splitting
2026-03-01 11:46:07,028 INFO   overflow: 2-31.txt (14,098 tok) → splitting
2026-03-01 11:46:18,332 INFO   2-33-2.txt: inserted (1 table(s))
2026-03-01 11:46:18,332 INFO   2-33-2.txt: inserted (1 table(s))
2026-03-01 11:46:18,338 INFO   2-4.txt: inserted (1 table(s))
2026-03-01 11:46:18,338 INFO   2-4.txt: inserted (1 table(s))
2026-03-01 11:46:18,343 INFO   20.txt: inserted (2 table(s))
2026-03-01 11:46:18,343 INFO   20.txt: inserted (2 table(s))
2026-03-01 11:46:18,356 INFO   25-11-2.txt: inserted (1 table(s))
2026-03-01 11:46:18,356 INFO   25-11-2.txt: inserted (1 table(s))
2026-03-01 11:46:18,366 INFO   overflow: 25-11-2.txt (12,809 tok) → splitting
2026-03-01 11:46:18,366 INFO   overflow: 25-11-2.txt (12,809 tok) → splitting
2026-03-01 11:46:22,487 INFO   25-11.txt: inserted (2 table(s))
2026-03-01 11:46:22,487 INFO   25-11.txt: inserted (2 table(s))
2026-03-01 11:46:22,497 INFO   overflow: 25-11.txt (10,020 tok) → splitting
2026-03-01 11:46:22,497 INFO   overflow: 25-11.txt (10,020 tok) → splitting
2026-03-01 11:46:26,638 INFO   25-12-3_2.txt: inserted (1 table(s))
2026-03-01 11:46:26,638 INFO   25-12-3_2.txt: inserted (1 table(s))
2026-03-01 11:46:26,643 INFO   overflow: 25-12-3_2.txt (10,904 tok) → splitting
2026-03-01 11:46:26,643 INFO   overflow: 25-12-3_2.txt (10,904 tok) → splitting
2026-03-01 11:46:30,723 INFO   25-13-8.txt: inserted (2 table(s))
2026-03-01 11:46:30,723 INFO   25-13-8.txt: inserted (2 table(s))
2026-03-01 11:46:30,736 INFO   25-13-8_2.txt: inserted (2 table(s))
2026-03-01 11:46:30,736 INFO   25-13-8_2.txt: inserted (2 table(s))
2026-03-01 11:46:30,739 INFO   overflow: 25-13-8_2.txt (10,037 tok) → splitting
2026-03-01 11:46:30,739 INFO   overflow: 25-13-8_2.txt (10,037 tok) → splitting
2026-03-01 11:46:34,791 INFO   25-8.txt: inserted (2 table(s))
2026-03-01 11:46:34,791 INFO   25-8.txt: inserted (2 table(s))
2026-03-01 11:46:34,807 INFO   26-20_2.txt: inserted (1 table(s))
2026-03-01 11:46:34,807 INFO   26-20_2.txt: inserted (1 table(s))
2026-03-01 11:46:34,837 INFO   26-23.txt: inserted (2 table(s))
2026-03-01 11:46:34,837 INFO   26-23.txt: inserted (2 table(s))
2026-03-01 11:46:34,856 INFO   26-26.txt: inserted (1 table(s))
2026-03-01 11:46:34,856 INFO   26-26.txt: inserted (1 table(s))
2026-03-01 11:46:34,862 INFO   3-2.txt: inserted (1 table(s))
2026-03-01 11:46:34,862 INFO   3-2.txt: inserted (1 table(s))
2026-03-01 11:46:34,867 INFO   overflow: 3-2.txt (10,368 tok) → splitting
2026-03-01 11:46:34,867 INFO   overflow: 3-2.txt (10,368 tok) → splitting
2026-03-01 11:46:38,961 INFO   33-2.txt: inserted (1 table(s))
2026-03-01 11:46:38,961 INFO   33-2.txt: inserted (1 table(s))
2026-03-01 11:46:38,978 INFO   35-2.txt: inserted (1 table(s))
2026-03-01 11:46:38,978 INFO   35-2.txt: inserted (1 table(s))
2026-03-01 11:46:38,994 INFO   39-19.txt: inserted (1 table(s))
2026-03-01 11:46:38,994 INFO   39-19.txt: inserted (1 table(s))
2026-03-01 11:46:39,016 INFO   39-32-3.txt: inserted (2 table(s))
2026-03-01 11:46:39,016 INFO   39-32-3.txt: inserted (2 table(s))
2026-03-01 11:46:39,037 INFO   39-34-2.txt: inserted (1 table(s))
2026-03-01 11:46:39,037 INFO   39-34-2.txt: inserted (1 table(s))
2026-03-01 11:46:39,044 INFO   3_2.txt: inserted (1 table(s))
2026-03-01 11:46:39,044 INFO   3_2.txt: inserted (1 table(s))
2026-03-01 11:46:39,049 INFO   4-10.txt: inserted (1 table(s))
2026-03-01 11:46:39,049 INFO   4-10.txt: inserted (1 table(s))
2026-03-01 11:46:39,057 INFO   4-11.txt: inserted (1 table(s))
2026-03-01 11:46:39,057 INFO   4-11.txt: inserted (1 table(s))
2026-03-01 11:46:39,062 INFO   4-2.txt: inserted (2 table(s))
2026-03-01 11:46:39,062 INFO   4-2.txt: inserted (2 table(s))
2026-03-01 11:46:39,071 INFO   4-6-2_2.txt: inserted (1 table(s))
2026-03-01 11:46:39,071 INFO   4-6-2_2.txt: inserted (1 table(s))
2026-03-01 11:46:39,079 INFO   4-9.txt: inserted (1 table(s))
2026-03-01 11:46:39,079 INFO   4-9.txt: inserted (1 table(s))
2026-03-01 11:46:39,102 INFO   40-7-6.txt: inserted (1 table(s))
2026-03-01 11:46:39,102 INFO   40-7-6.txt: inserted (1 table(s))
2026-03-01 11:46:39,124 INFO   40-7-7.txt: inserted (1 table(s))
2026-03-01 11:46:39,124 INFO   40-7-7.txt: inserted (1 table(s))
2026-03-01 11:46:39,153 INFO   40-7.txt: inserted (1 table(s))
2026-03-01 11:46:39,153 INFO   40-7.txt: inserted (1 table(s))
2026-03-01 11:46:39,177 INFO   40-8-11.txt: inserted (1 table(s))
2026-03-01 11:46:39,177 INFO   40-8-11.txt: inserted (1 table(s))
2026-03-01 11:46:39,200 INFO   40-8-2.txt: inserted (1 table(s))
2026-03-01 11:46:39,200 INFO   40-8-2.txt: inserted (1 table(s))
2026-03-01 11:46:39,204 INFO   overflow: 40-8-2.txt (10,301 tok) → splitting
2026-03-01 11:46:39,204 INFO   overflow: 40-8-2.txt (10,301 tok) → splitting
2026-03-01 11:46:43,394 INFO   5.txt: inserted (1 table(s))
2026-03-01 11:46:43,394 INFO   5.txt: inserted (1 table(s))
2026-03-01 11:46:44,823 INFO   16.txt: inserted (1 table(s))
2026-03-01 11:46:44,823 INFO   16.txt: inserted (1 table(s))
2026-03-01 11:46:44,824 INFO   21-7.txt: inserted (1 table(s))
2026-03-01 11:46:44,824 INFO   21-7.txt: inserted (1 table(s))
2026-03-01 11:46:44,825 INFO === Phase 6: 整合性確認 ===
2026-03-01 11:46:44,825 INFO === Phase 6: 整合性確認 ===
======================================================================
jplawdb4 包括的整合性検証レポート
======================================================================

📊 ファイル統計:
  総ファイル数:     19,576
  ベースファイル:   19,250
  チャンクファイル: 326

📊 DB別内訳:
  DB            Total   Base  Chunk  Over
  ------------ ------ ------ ------ -----
  accounting     3800   3729     71     0
  beppyo           45     45      0     0
  guide           372    368      4     0
  hanketsu       1245   1245      0     0
  law            6227   6000    227     8
  paper           213    207      6     0
  qa             3093   3080     13     0
  treaty          179    174      5     0
  tsutatsu       4402   4402      0     0

======================================================================
🔍 検証結果:
======================================================================

  ❌ トークン上限超過 (>9,999): 8件
     law/text/sozei_tokubetsu_kisoku/23-8_2.txt (10,710 tok)
     law/text/sozei_tokubetsu_kisoku/3-18_2.txt (10,594 tok)
     law/text/sozei_tokubetsu_seirei/25-12-3_2.txt (10,904 tok)
     law/text/sozei_tokubetsu_seirei/25-13-8_2.txt (10,037 tok)
     law/text/sozei_tokubetsu/42-4_3.txt (10,816 tok)
     law/text/sozei_tokubetsu/70-6-8_2.txt (10,144 tok)
     law/text/sozei_tokubetsu/70-7-5_2.txt (11,758 tok)
     law/text/sozei_tokubetsu/70-7-6_2.txt (11,387 tok)
  ✅ 空ファイル: 0件
  ✅ 極小ファイル (<50tok): 0件
  ✅ 孤立チャンク (ベース無し): 0件

  ❌ 欠損チャンク (連続性): 2件
     law/text/sozei_tokubetsu_seirei/40-8-2.txt: expected [2], found [2, 3, 4, 5]
     law/text/sozei_tokubetsu/70-7-2.txt: expected [2], found [2, 3, 4]

  ❌ split注記不整合: 5件
     law/text/sozei_tokubetsu_seirei/40-8-2_3.txt: file is _3, note says 3/5, expected 3/2
     law/text/sozei_tokubetsu_seirei/40-8-2_4.txt: file is _4, note says 4/5, expected 4/2
     law/text/sozei_tokubetsu_seirei/40-8-2_5.txt: file is _5, note says 5/5, expected 5/2
     law/text/sozei_tokubetsu/70-7-2_3.txt: file is _3, note says 3/4, expected 3/2
     law/text/sozei_tokubetsu/70-7-2_4.txt: file is _4, note says 4/4, expected 4/2
  ✅ 二重分割 (_N_M.txt): 0件
  ✅ 未分割ファイルにsplit注記残存: 0件
  ✅ トリミング漏れ: 0件

======================================================================
🚨 CRITICAL ISSUES FOUND — 要修正
======================================================================
2026-03-01 11:47:01,990 INFO 
=== 結果 ===
2026-03-01 11:47:01,991 INFO   already_done: 1
2026-03-01 11:47:01,990 INFO 
=== 結果 ===
2026-03-01 11:47:01,991 INFO   already_done: 1
2026-03-01 11:47:01,991 INFO   inserted: 112
2026-03-01 11:47:01,991 INFO   inserted: 112
